# JRE version: OpenJDK Runtime Environment (8.0_131-b11) (build 1.8.0_131-8u131-b11-2ubuntu1.16.04.3-b11)
# Java VM: OpenJDK 64-Bit Server VM (25.131-b11 mixed mode linux-amd64 compressed oops)
Heap:
 PSYoungGen      total 694272K, used 239564K [0x000000076d300000, 0x00000007b3a00000, 0x00000007c0000000)
  eden space 249856K, 0% used [0x000000076d300000,0x000000076d300000,0x000000077c700000)
  from space 444416K, 53% used [0x0000000798800000,0x00000007a71f3300,0x00000007b3a00000)
  to   space 452096K, 0% used [0x000000077c700000,0x000000077c700000,0x0000000798080000)
 ParOldGen       total 1501184K, used 1500858K [0x00000006c7800000, 0x0000000723200000, 0x000000076d300000)
  object space 1501184K, 99% used [0x00000006c7800000,0x00000007231aeb70,0x0000000723200000)
 Metaspace       used 3535K, capacity 4856K, committed 5120K, reserved 1056768K
  class space    used 353K, capacity 424K, committed 512K, reserved 1048576K
GC Heap History (10 events):
Event: 12.106 GC heap after
Heap after GC invocations=12 (full 3):
 PSYoungGen      total 573952K, used 410608K [0x000000076d300000, 0x00000007b0d80000, 0x00000007c0000000)
  eden space 163328K, 0% used [0x000000076d300000,0x000000076d300000,0x0000000777280000)
  from space 410624K, 99% used [0x0000000777280000,0x000000079037c3c0,0x0000000790380000)
  to   space 452096K, 0% used [0x0000000795400000,0x0000000795400000,0x00000007b0d80000)
 ParOldGen       total 955904K, used 793049K [0x00000006c7800000, 0x0000000701d80000, 0x000000076d300000)
  object space 955904K, 82% used [0x00000006c7800000,0x00000006f7e76540,0x0000000701d80000)
 Metaspace       used 3535K, capacity 4856K, committed 5120K, reserved 1056768K
  class space    used 353K, capacity 424K, committed 512K, reserved 1048576K
}
Event: 12.106 GC heap before
{Heap before GC invocations=13 (full 4):
 PSYoungGen      total 573952K, used 410608K [0x000000076d300000, 0x00000007b0d80000, 0x00000007c0000000)
  eden space 163328K, 0% used [0x000000076d300000,0x000000076d300000,0x0000000777280000)
  from space 410624K, 99% used [0x0000000777280000,0x000000079037c3c0,0x0000000790380000)
  to   space 452096K, 0% used [0x0000000795400000,0x0000000795400000,0x00000007b0d80000)
 ParOldGen       total 955904K, used 793049K [0x00000006c7800000, 0x0000000701d80000, 0x000000076d300000)
  object space 955904K, 82% used [0x00000006c7800000,0x00000006f7e76540,0x0000000701d80000)
 Metaspace       used 3535K, capacity 4856K, committed 5120K, reserved 1056768K
  class space    used 353K, capacity 424K, committed 512K, reserved 1048576K
Event: 18.416 GC heap after
Heap after GC invocations=13 (full 4):
 PSYoungGen      total 573952K, used 238301K [0x000000076d300000, 0x00000007b0d80000, 0x00000007c0000000)
  eden space 163328K, 0% used [0x000000076d300000,0x000000076d300000,0x0000000777280000)
  from space 410624K, 58% used [0x0000000777280000,0x0000000785b37638,0x0000000790380000)
  to   space 452096K, 0% used [0x0000000795400000,0x0000000795400000,0x00000007b0d80000)
 ParOldGen       total 1501184K, used 955878K [0x00000006c7800000, 0x0000000723200000, 0x000000076d300000)
  object space 1501184K, 63% used [0x00000006c7800000,0x0000000701d79b28,0x0000000723200000)
 Metaspace       used 3535K, capacity 4856K, committed 5120K, reserved 1056768K
  class space    used 353K, capacity 424K, committed 512K, reserved 1048576K
}
Event: 19.160 GC heap before
{Heap before GC invocations=14 (full 4):
 PSYoungGen      total 573952K, used 401629K [0x000000076d300000, 0x00000007b0d80000, 0x00000007c0000000)
  eden space 163328K, 100% used [0x000000076d300000,0x0000000777280000,0x0000000777280000)
  from space 410624K, 58% used [0x0000000777280000,0x0000000785b37638,0x0000000790380000)
  to   space 452096K, 0% used [0x0000000795400000,0x0000000795400000,0x00000007b0d80000)
 ParOldGen       total 1501184K, used 955878K [0x00000006c7800000, 0x0000000723200000, 0x000000076d300000)
  object space 1501184K, 63% used [0x00000006c7800000,0x0000000701d79b28,0x0000000723200000)
 Metaspace       used 3535K, capacity 4856K, committed 5120K, reserved 1056768K
  class space    used 353K, capacity 424K, committed 512K, reserved 1048576K
Event: 20.222 GC heap after
Heap after GC invocations=14 (full 4):
 PSYoungGen      total 648192K, used 402144K [0x000000076d300000, 0x00000007b0980000, 0x00000007c0000000)
  eden space 200192K, 0% used [0x000000076d300000,0x000000076d300000,0x0000000779680000)
  from space 448000K, 89% used [0x0000000795400000,0x00000007adcb8000,0x00000007b0980000)
  to   space 452096K, 0% used [0x0000000779680000,0x0000000779680000,0x0000000795000000)
 ParOldGen       total 1501184K, used 955878K [0x00000006c7800000, 0x0000000723200000, 0x000000076d300000)
  object space 1501184K, 63% used [0x00000006c7800000,0x0000000701d79b28,0x0000000723200000)
 Metaspace       used 3535K, capacity 4856K, committed 5120K, reserved 1056768K
  class space    used 353K, capacity 424K, committed 512K, reserved 1048576K
}
Event: 20.746 GC heap before
{Heap before GC invocations=15 (full 4):
 PSYoungGen      total 648192K, used 602336K [0x000000076d300000, 0x00000007b0980000, 0x00000007c0000000)
  eden space 200192K, 100% used [0x000000076d300000,0x0000000779680000,0x0000000779680000)
  from space 448000K, 89% used [0x0000000795400000,0x00000007adcb8000,0x00000007b0980000)
  to   space 452096K, 0% used [0x0000000779680000,0x0000000779680000,0x0000000795000000)
 ParOldGen       total 1501184K, used 955878K [0x00000006c7800000, 0x0000000723200000, 0x000000076d300000)
  object space 1501184K, 63% used [0x00000006c7800000,0x0000000701d79b28,0x0000000723200000)
 Metaspace       used 3535K, capacity 4856K, committed 5120K, reserved 1056768K
  class space    used 353K, capacity 424K, committed 512K, reserved 1048576K
Event: 25.442 GC heap after
Heap after GC invocations=15 (full 4):
 PSYoungGen      total 652288K, used 386080K [0x000000076d300000, 0x00000007b4180000, 0x00000007c0000000)
  eden space 200192K, 0% used [0x000000076d300000,0x000000076d300000,0x0000000779680000)
  from space 452096K, 85% used [0x0000000779680000,0x0000000790f88000,0x0000000795000000)
  to   space 452096K, 0% used [0x0000000798800000,0x0000000798800000,0x00000007b4180000)
 ParOldGen       total 1501184K, used 1172974K [0x00000006c7800000, 0x0000000723200000, 0x000000076d300000)
  object space 1501184K, 78% used [0x00000006c7800000,0x000000070f17bb28,0x0000000723200000)
 Metaspace       used 3535K, capacity 4856K, committed 5120K, reserved 1056768K
  class space    used 353K, capacity 424K, committed 512K, reserved 1048576K
}
Event: 27.920 GC heap before
{Heap before GC invocations=16 (full 4):
 PSYoungGen      total 652288K, used 586272K [0x000000076d300000, 0x00000007b4180000, 0x00000007c0000000)
  eden space 200192K, 100% used [0x000000076d300000,0x0000000779680000,0x0000000779680000)
  from space 452096K, 85% used [0x0000000779680000,0x0000000790f88000,0x0000000795000000)
  to   space 452096K, 0% used [0x0000000798800000,0x0000000798800000,0x00000007b4180000)
 ParOldGen       total 1501184K, used 1172974K [0x00000006c7800000, 0x0000000723200000, 0x000000076d300000)
  object space 1501184K, 78% used [0x00000006c7800000,0x000000070f17bb28,0x0000000723200000)
 Metaspace       used 3535K, capacity 4856K, committed 5120K, reserved 1056768K
  class space    used 353K, capacity 424K, committed 512K, reserved 1048576K
Event: 28.684 GC heap after
Heap after GC invocations=16 (full 4):
 PSYoungGen      total 694272K, used 400793K [0x000000076d300000, 0x00000007b3a00000, 0x00000007c0000000)
  eden space 249856K, 0% used [0x000000076d300000,0x000000076d300000,0x000000077c700000)
  from space 444416K, 90% used [0x0000000798800000,0x00000007b0f66598,0x00000007b3a00000)
  to   space 452096K, 0% used [0x000000077c700000,0x000000077c700000,0x0000000798080000)
 ParOldGen       total 1501184K, used 1359294K [0x00000006c7800000, 0x0000000723200000, 0x000000076d300000)
  object space 1501184K, 90% used [0x00000006c7800000,0x000000071a76fb28,0x0000000723200000)
 Metaspace       used 3535K, capacity 4856K, committed 5120K, reserved 1056768K
  class space    used 353K, capacity 424K, committed 512K, reserved 1048576K
}
Event: 28.684 GC heap before
{Heap before GC invocations=17 (full 5):
 PSYoungGen      total 694272K, used 400793K [0x000000076d300000, 0x00000007b3a00000, 0x00000007c0000000)
  eden space 249856K, 0% used [0x000000076d300000,0x000000076d300000,0x000000077c700000)
  from space 444416K, 90% used [0x0000000798800000,0x00000007b0f66598,0x00000007b3a00000)
  to   space 452096K, 0% used [0x000000077c700000,0x000000077c700000,0x0000000798080000)
 ParOldGen       total 1501184K, used 1359294K [0x00000006c7800000, 0x0000000723200000, 0x000000076d300000)
  object space 1501184K, 90% used [0x00000006c7800000,0x000000071a76fb28,0x0000000723200000)
 Metaspace       used 3535K, capacity 4856K, committed 5120K, reserved 1056768K
  class space    used 353K, capacity 424K, committed 512K, reserved 1048576K

