# JRE version: OpenJDK Runtime Environment (8.0_131-b11) (build 1.8.0_131-8u131-b11-2ubuntu1.16.04.3-b11)
# Java VM: OpenJDK 64-Bit Server VM (25.131-b11 mixed mode linux-amd64 compressed oops)
Heap:
 PSYoungGen      total 560640K, used 0K [0x000000076d300000, 0x00000007ae280000, 0x00000007c0000000)
  eden space 129024K, 0% used [0x000000076d300000,0x000000076d300000,0x0000000775100000)
  from space 431616K, 0% used [0x0000000775100000,0x0000000775100000,0x000000078f680000)
  to   space 452096K, 0% used [0x0000000792900000,0x0000000792900000,0x00000007ae280000)
 ParOldGen       total 1616896K, used 1417835K [0x00000006c7800000, 0x000000072a300000, 0x000000076d300000)
  object space 1616896K, 87% used [0x00000006c7800000,0x000000071e09ac58,0x000000072a300000)
 Metaspace       used 3795K, capacity 4856K, committed 5120K, reserved 1056768K
  class space    used 391K, capacity 424K, committed 512K, reserved 1048576K
GC Heap History (10 events):
Event: 11.433 GC heap after
Heap after GC invocations=10 (full 3):
 PSYoungGen      total 407040K, used 239083K [0x000000076d300000, 0x00000007a4800000, 0x00000007c0000000)
  eden space 167936K, 0% used [0x000000076d300000,0x000000076d300000,0x0000000777700000)
  from space 239104K, 99% used [0x0000000777700000,0x000000078607ad30,0x0000000786080000)
  to   space 345600K, 0% used [0x000000078f680000,0x000000078f680000,0x00000007a4800000)
 ParOldGen       total 980480K, used 644455K [0x00000006c7800000, 0x0000000703580000, 0x000000076d300000)
  object space 980480K, 65% used [0x00000006c7800000,0x00000006eed59fa0,0x0000000703580000)
 Metaspace       used 3784K, capacity 4856K, committed 5120K, reserved 1056768K
  class space    used 391K, capacity 424K, committed 512K, reserved 1048576K
}
Event: 11.809 GC heap before
{Heap before GC invocations=11 (full 3):
 PSYoungGen      total 407040K, used 407019K [0x000000076d300000, 0x00000007a4800000, 0x00000007c0000000)
  eden space 167936K, 100% used [0x000000076d300000,0x0000000777700000,0x0000000777700000)
  from space 239104K, 99% used [0x0000000777700000,0x000000078607ad30,0x0000000786080000)
  to   space 345600K, 0% used [0x000000078f680000,0x000000078f680000,0x00000007a4800000)
 ParOldGen       total 980480K, used 644455K [0x00000006c7800000, 0x0000000703580000, 0x000000076d300000)
  object space 980480K, 65% used [0x00000006c7800000,0x00000006eed59fa0,0x0000000703580000)
 Metaspace       used 3784K, capacity 4856K, committed 5120K, reserved 1056768K
  class space    used 391K, capacity 424K, committed 512K, reserved 1048576K
Event: 12.421 GC heap after
Heap after GC invocations=11 (full 3):
 PSYoungGen      total 474624K, used 345579K [0x000000076d300000, 0x00000007afc80000, 0x00000007c0000000)
  eden space 129024K, 0% used [0x000000076d300000,0x000000076d300000,0x0000000775100000)
  from space 345600K, 99% used [0x000000078f680000,0x00000007a47fad30,0x00000007a4800000)
  to   space 431616K, 0% used [0x0000000775100000,0x0000000775100000,0x000000078f680000)
 ParOldGen       total 980480K, used 705967K [0x00000006c7800000, 0x0000000703580000, 0x000000076d300000)
  object space 980480K, 72% used [0x00000006c7800000,0x00000006f296bfa0,0x0000000703580000)
 Metaspace       used 3784K, capacity 4856K, committed 5120K, reserved 1056768K
  class space    used 391K, capacity 424K, committed 512K, reserved 1048576K
}
Event: 12.759 GC heap before
{Heap before GC invocations=12 (full 3):
 PSYoungGen      total 474624K, used 474603K [0x000000076d300000, 0x00000007afc80000, 0x00000007c0000000)
  eden space 129024K, 100% used [0x000000076d300000,0x0000000775100000,0x0000000775100000)
  from space 345600K, 99% used [0x000000078f680000,0x00000007a47fad30,0x00000007a4800000)
  to   space 431616K, 0% used [0x0000000775100000,0x0000000775100000,0x000000078f680000)
 ParOldGen       total 980480K, used 705967K [0x00000006c7800000, 0x0000000703580000, 0x000000076d300000)
  object space 980480K, 72% used [0x00000006c7800000,0x00000006f296bfa0,0x0000000703580000)
 Metaspace       used 3791K, capacity 4856K, committed 5120K, reserved 1056768K
  class space    used 391K, capacity 424K, committed 512K, reserved 1048576K
Event: 13.152 GC heap after
Heap after GC invocations=12 (full 3):
 PSYoungGen      total 560640K, used 421200K [0x000000076d300000, 0x00000007ae280000, 0x00000007c0000000)
  eden space 129024K, 0% used [0x000000076d300000,0x000000076d300000,0x0000000775100000)
  from space 431616K, 97% used [0x0000000775100000,0x000000078ec543c0,0x000000078f680000)
  to   space 452096K, 0% used [0x0000000792900000,0x0000000792900000,0x00000007ae280000)
 ParOldGen       total 980480K, used 748239K [0x00000006c7800000, 0x0000000703580000, 0x000000076d300000)
  object space 980480K, 76% used [0x00000006c7800000,0x00000006f52b3fa0,0x0000000703580000)
 Metaspace       used 3791K, capacity 4856K, committed 5120K, reserved 1056768K
  class space    used 391K, capacity 424K, committed 512K, reserved 1048576K
}
Event: 13.357 GC heap before
{Heap before GC invocations=13 (full 3):
 PSYoungGen      total 560640K, used 550224K [0x000000076d300000, 0x00000007ae280000, 0x00000007c0000000)
  eden space 129024K, 100% used [0x000000076d300000,0x0000000775100000,0x0000000775100000)
  from space 431616K, 97% used [0x0000000775100000,0x000000078ec543c0,0x000000078f680000)
  to   space 452096K, 0% used [0x0000000792900000,0x0000000792900000,0x00000007ae280000)
 ParOldGen       total 980480K, used 748239K [0x00000006c7800000, 0x0000000703580000, 0x000000076d300000)
  object space 980480K, 76% used [0x00000006c7800000,0x00000006f52b3fa0,0x0000000703580000)
 Metaspace       used 3795K, capacity 4856K, committed 5120K, reserved 1056768K
  class space    used 391K, capacity 424K, committed 512K, reserved 1048576K
Event: 14.154 GC heap after
Heap after GC invocations=13 (full 3):
 PSYoungGen      total 560640K, used 550224K [0x000000076d300000, 0x00000007ae280000, 0x00000007c0000000)
  eden space 129024K, 100% used [0x000000076d300000,0x0000000775100000,0x0000000775100000)
  from space 431616K, 97% used [0x0000000775100000,0x000000078ec543c0,0x000000078f680000)
  to   space 452096K, 57% used [0x0000000792900000,0x00000007a25143c0,0x00000007ae280000)
 ParOldGen       total 1032192K, used 1029991K [0x00000006c7800000, 0x0000000706800000, 0x000000076d300000)
  object space 1032192K, 99% used [0x00000006c7800000,0x00000007065d9fa0,0x0000000706800000)
 Metaspace       used 3795K, capacity 4856K, committed 5120K, reserved 1056768K
  class space    used 391K, capacity 424K, committed 512K, reserved 1048576K
}
Event: 14.154 GC heap before
{Heap before GC invocations=14 (full 4):
 PSYoungGen      total 560640K, used 550224K [0x000000076d300000, 0x00000007ae280000, 0x00000007c0000000)
  eden space 129024K, 100% used [0x000000076d300000,0x0000000775100000,0x0000000775100000)
  from space 431616K, 97% used [0x0000000775100000,0x000000078ec543c0,0x000000078f680000)
  to   space 452096K, 57% used [0x0000000792900000,0x00000007a25143c0,0x00000007ae280000)
 ParOldGen       total 1032192K, used 1029991K [0x00000006c7800000, 0x0000000706800000, 0x000000076d300000)
  object space 1032192K, 99% used [0x00000006c7800000,0x00000007065d9fa0,0x0000000706800000)
 Metaspace       used 3795K, capacity 4856K, committed 5120K, reserved 1056768K
  class space    used 391K, capacity 424K, committed 512K, reserved 1048576K
Event: 23.357 GC heap after
Heap after GC invocations=14 (full 4):
 PSYoungGen      total 560640K, used 0K [0x000000076d300000, 0x00000007ae280000, 0x00000007c0000000)
  eden space 129024K, 0% used [0x000000076d300000,0x000000076d300000,0x0000000775100000)
  from space 431616K, 0% used [0x0000000775100000,0x0000000775100000,0x000000078f680000)
  to   space 452096K, 57% used [0x0000000792900000,0x00000007a24b1a68,0x00000007ae280000)
 ParOldGen       total 1616896K, used 1031158K [0x00000006c7800000, 0x000000072a300000, 0x000000076d300000)
  object space 1616896K, 63% used [0x00000006c7800000,0x00000007066fd858,0x000000072a300000)
 Metaspace       used 3795K, capacity 4856K, committed 5120K, reserved 1056768K
  class space    used 391K, capacity 424K, committed 512K, reserved 1048576K
}
Event: 25.763 GC heap before
{Heap before GC invocations=15 (full 5):
 PSYoungGen      total 560640K, used 129024K [0x000000076d300000, 0x00000007ae280000, 0x00000007c0000000)
  eden space 129024K, 100% used [0x000000076d300000,0x0000000775100000,0x0000000775100000)
  from space 431616K, 0% used [0x0000000775100000,0x0000000775100000,0x000000078f680000)
  to   space 452096K, 57% used [0x0000000792900000,0x00000007a24b1a68,0x00000007ae280000)
 ParOldGen       total 1616896K, used 1031158K [0x00000006c7800000, 0x000000072a300000, 0x000000076d300000)
  object space 1616896K, 63% used [0x00000006c7800000,0x00000007066fd858,0x000000072a300000)
 Metaspace       used 3795K, capacity 4856K, committed 5120K, reserved 1056768K
  class space    used 391K, capacity 424K, committed 512K, reserved 1048576K

